# JRE version: Java(TM) SE Runtime Environment (17.0.10+11) (build 17.0.10+11-LTS-240)
# Java VM: Java HotSpot(TM) 64-Bit Server VM (17.0.10+11-LTS-240, mixed mode, sharing, tiered, compressed oops, compressed class ptrs, g1 gc, windows-amd64)
GC Precious Log:
 CPUs: 6 total, 6 available
 Memory: 12200M
 Large Page Support: Disabled
 NUMA Support: Disabled
 Compressed Oops: Enabled (Zero based)
 Heap Region Size: 2M
 Heap Min Capacity: 8M
 Heap Initial Capacity: 192M
 Heap Max Capacity: 3052M
 Pre-touch: Disabled
 Parallel Workers: 6
 Concurrent Workers: 2
 Concurrent Refinement Workers: 6
 Periodic GC: Disabled
Heap:
 garbage-first heap   total 196608K, used 89756K [0x0000000741400000, 0x0000000800000000)
  region size 2048K, 36 young (73728K), 1 survivors (2048K)
 Metaspace       used 10940K, committed 11136K, reserved 1114112K
  class space    used 844K, committed 960K, reserved 1048576K
GC Heap History (20 events):
Event: 3.914 GC heap before
{Heap before GC invocations=20 (full 0):
 garbage-first heap   total 196608K, used 134793K [0x0000000741400000, 0x0000000800000000)
  region size 2048K, 57 young (116736K), 1 survivors (2048K)
 Metaspace       used 10590K, committed 10752K, reserved 1114112K
  class space    used 834K, committed 896K, reserved 1048576K
}
Event: 3.915 GC heap after
{Heap after GC invocations=21 (full 0):
 garbage-first heap   total 196608K, used 20107K [0x0000000741400000, 0x0000000800000000)
  region size 2048K, 1 young (2048K), 1 survivors (2048K)
 Metaspace       used 10590K, committed 10752K, reserved 1114112K
  class space    used 834K, committed 896K, reserved 1048576K
}
Event: 4.029 GC heap before
{Heap before GC invocations=21 (full 0):
 garbage-first heap   total 196608K, used 134795K [0x0000000741400000, 0x0000000800000000)
  region size 2048K, 57 young (116736K), 1 survivors (2048K)
 Metaspace       used 10590K, committed 10752K, reserved 1114112K
  class space    used 834K, committed 896K, reserved 1048576K
}
Event: 4.029 GC heap after
{Heap after GC invocations=22 (full 0):
 garbage-first heap   total 196608K, used 20105K [0x0000000741400000, 0x0000000800000000)
  region size 2048K, 1 young (2048K), 1 survivors (2048K)
 Metaspace       used 10590K, committed 10752K, reserved 1114112K
  class space    used 834K, committed 896K, reserved 1048576K
}
Event: 4.142 GC heap before
{Heap before GC invocations=22 (full 0):
 garbage-first heap   total 196608K, used 134793K [0x0000000741400000, 0x0000000800000000)
  region size 2048K, 57 young (116736K), 1 survivors (2048K)
 Metaspace       used 10590K, committed 10752K, reserved 1114112K
  class space    used 834K, committed 896K, reserved 1048576K
}
Event: 4.143 GC heap after
{Heap after GC invocations=23 (full 0):
 garbage-first heap   total 196608K, used 20109K [0x0000000741400000, 0x0000000800000000)
  region size 2048K, 1 young (2048K), 1 survivors (2048K)
 Metaspace       used 10590K, committed 10752K, reserved 1114112K
  class space    used 834K, committed 896K, reserved 1048576K
}
Event: 4.256 GC heap before
{Heap before GC invocations=23 (full 0):
 garbage-first heap   total 196608K, used 134797K [0x0000000741400000, 0x0000000800000000)
  region size 2048K, 57 young (116736K), 1 survivors (2048K)
 Metaspace       used 10590K, committed 10752K, reserved 1114112K
  class space    used 834K, committed 896K, reserved 1048576K
}
Event: 4.257 GC heap after
{Heap after GC invocations=24 (full 0):
 garbage-first heap   total 196608K, used 20120K [0x0000000741400000, 0x0000000800000000)
  region size 2048K, 1 young (2048K), 1 survivors (2048K)
 Metaspace       used 10590K, committed 10752K, reserved 1114112K
  class space    used 834K, committed 896K, reserved 1048576K
}
Event: 4.370 GC heap before
{Heap before GC invocations=24 (full 0):
 garbage-first heap   total 196608K, used 134808K [0x0000000741400000, 0x0000000800000000)
  region size 2048K, 57 young (116736K), 1 survivors (2048K)
 Metaspace       used 10590K, committed 10752K, reserved 1114112K
  class space    used 834K, committed 896K, reserved 1048576K
}
Event: 4.371 GC heap after
{Heap after GC invocations=25 (full 0):
 garbage-first heap   total 196608K, used 20118K [0x0000000741400000, 0x0000000800000000)
  region size 2048K, 1 young (2048K), 1 survivors (2048K)
 Metaspace       used 10590K, committed 10752K, reserved 1114112K
  class space    used 834K, committed 896K, reserved 1048576K
}
Event: 4.483 GC heap before
{Heap before GC invocations=25 (full 0):
 garbage-first heap   total 196608K, used 134806K [0x0000000741400000, 0x0000000800000000)
  region size 2048K, 57 young (116736K), 1 survivors (2048K)
 Metaspace       used 10590K, committed 10752K, reserved 1114112K
  class space    used 834K, committed 896K, reserved 1048576K
}
Event: 4.484 GC heap after
{Heap after GC invocations=26 (full 0):
 garbage-first heap   total 196608K, used 20122K [0x0000000741400000, 0x0000000800000000)
  region size 2048K, 1 young (2048K), 1 survivors (2048K)
 Metaspace       used 10590K, committed 10752K, reserved 1114112K
  class space    used 834K, committed 896K, reserved 1048576K
}
Event: 4.598 GC heap before
{Heap before GC invocations=26 (full 0):
 garbage-first heap   total 196608K, used 134810K [0x0000000741400000, 0x0000000800000000)
  region size 2048K, 57 young (116736K), 1 survivors (2048K)
 Metaspace       used 10590K, committed 10752K, reserved 1114112K
  class space    used 834K, committed 896K, reserved 1048576K
}
Event: 4.598 GC heap after
{Heap after GC invocations=27 (full 0):
 garbage-first heap   total 196608K, used 20124K [0x0000000741400000, 0x0000000800000000)
  region size 2048K, 1 young (2048K), 1 survivors (2048K)
 Metaspace       used 10590K, committed 10752K, reserved 1114112K
  class space    used 834K, committed 896K, reserved 1048576K
}
Event: 4.711 GC heap before
{Heap before GC invocations=27 (full 0):
 garbage-first heap   total 196608K, used 134812K [0x0000000741400000, 0x0000000800000000)
  region size 2048K, 57 young (116736K), 1 survivors (2048K)
 Metaspace       used 10590K, committed 10752K, reserved 1114112K
  class space    used 834K, committed 896K, reserved 1048576K
}
Event: 4.712 GC heap after
{Heap after GC invocations=28 (full 0):
 garbage-first heap   total 196608K, used 20124K [0x0000000741400000, 0x0000000800000000)
  region size 2048K, 1 young (2048K), 1 survivors (2048K)
 Metaspace       used 10590K, committed 10752K, reserved 1114112K
  class space    used 834K, committed 896K, reserved 1048576K
}
Event: 4.824 GC heap before
{Heap before GC invocations=28 (full 0):
 garbage-first heap   total 196608K, used 134812K [0x0000000741400000, 0x0000000800000000)
  region size 2048K, 57 young (116736K), 1 survivors (2048K)
 Metaspace       used 10590K, committed 10752K, reserved 1114112K
  class space    used 834K, committed 896K, reserved 1048576K
}
Event: 4.825 GC heap after
{Heap after GC invocations=29 (full 0):
 garbage-first heap   total 196608K, used 20126K [0x0000000741400000, 0x0000000800000000)
  region size 2048K, 1 young (2048K), 1 survivors (2048K)
 Metaspace       used 10590K, committed 10752K, reserved 1114112K
  class space    used 834K, committed 896K, reserved 1048576K
}
Event: 4.938 GC heap before
{Heap before GC invocations=29 (full 0):
 garbage-first heap   total 196608K, used 134814K [0x0000000741400000, 0x0000000800000000)
  region size 2048K, 57 young (116736K), 1 survivors (2048K)
 Metaspace       used 10590K, committed 10752K, reserved 1114112K
  class space    used 834K, committed 896K, reserved 1048576K
}
Event: 4.938 GC heap after
{Heap after GC invocations=30 (full 0):
 garbage-first heap   total 196608K, used 20124K [0x0000000741400000, 0x0000000800000000)
  region size 2048K, 1 young (2048K), 1 survivors (2048K)
 Metaspace       used 10590K, committed 10752K, reserved 1114112K
  class space    used 834K, committed 896K, reserved 1048576K
}

